build/outputs/logs/manifest-merger-debug-report.txt
-- Merging decision tree log ---
manifest
ADDED from Andriod\pedal_pac\AndroidManifest.xml:2:1-46:12
	xmlns:android
		ADDED from Andriod\pedal_pac\AndroidManifest.xml:2:11-69
	package
		ADDED from Andriod\pedal_pac\AndroidManifest.xml:3:5-31
	android:versionName
		ADDED from Andriod\pedal_pac\AndroidManifest.xml:5:5-30
		INJECTED from Andriod\pedal_pac\AndroidManifest.xml
		INJECTED from Andriod\pedal_pac\AndroidManifest.xml
	android:versionCode
		ADDED from Andriod\pedal_pac\AndroidManifest.xml:4:5-28
		INJECTED from Andriod\pedal_pac\AndroidManifest.xml
		INJECTED from Andriod\pedal_pac\AndroidManifest.xml
uses-sdk
ADDED from Andriod\pedal_pac\AndroidManifest.xml:7:5-9:41
	android:targetSdkVersion
		ADDED from Andriod\pedal_pac\AndroidManifest.xml:9:9-38
	android:minSdkVersion
		ADDED from Andriod\pedal_pac\AndroidManifest.xml:8:9-35
uses-feature#android.hardware.bluetooth_le
ADDED from Andriod\pedal_pac\AndroidManifest.xml:11:5-13:35
	android:required
		ADDED from Andriod\pedal_pac\AndroidManifest.xml:13:9-32
	android:name
		ADDED from Andriod\pedal_pac\AndroidManifest.xml:12:9-53
uses-permission#android.permission.BLUETOOTH
ADDED from Andriod\pedal_pac\AndroidManifest.xml:15:5-68
	android:name
		ADDED from Andriod\pedal_pac\AndroidManifest.xml:15:22-65
uses-permission#android.permission.BLUETOOTH_ADMIN
ADDED from Andriod\pedal_pac\AndroidManifest.xml:16:5-74
	android:name
		ADDED from Andriod\pedal_pac\AndroidManifest.xml:16:22-71
uses-permission#android.permission.ACCESS_COARSE_LOCATION
ADDED from Andriod\pedal_pac\AndroidManifest.xml:17:5-81
	android:name
		ADDED from Andriod\pedal_pac\AndroidManifest.xml:17:22-78
application
ADDED from Andriod\pedal_pac\AndroidManifest.xml:19:5-44:19
	android:label
		ADDED from Andriod\pedal_pac\AndroidManifest.xml:22:9-41
	android:allowBackup
		ADDED from Andriod\pedal_pac\AndroidManifest.xml:20:9-35
	android:icon
		ADDED from Andriod\pedal_pac\AndroidManifest.xml:21:9-43
	android:theme
		ADDED from Andriod\pedal_pac\AndroidManifest.xml:23:9-40
activity#com.redbear.chat.Main
ADDED from Andriod\pedal_pac\AndroidManifest.xml:24:9-33:20
	android:screenOrientation
		ADDED from Andriod\pedal_pac\AndroidManifest.xml:27:13-49
	android:label
		ADDED from Andriod\pedal_pac\AndroidManifest.xml:26:13-45
	android:name
		ADDED from Andriod\pedal_pac\AndroidManifest.xml:25:13-49
intent-filter#android.intent.action.MAIN+android.intent.category.LAUNCHER
ADDED from Andriod\pedal_pac\AndroidManifest.xml:28:13-32:29
action#android.intent.action.MAIN
ADDED from Andriod\pedal_pac\AndroidManifest.xml:29:17-69
	android:name
		ADDED from Andriod\pedal_pac\AndroidManifest.xml:29:25-66
category#android.intent.category.LAUNCHER
ADDED from Andriod\pedal_pac\AndroidManifest.xml:31:17-77
	android:name
		ADDED from Andriod\pedal_pac\AndroidManifest.xml:31:27-74
activity#com.redbear.chat.Chat
ADDED from Andriod\pedal_pac\AndroidManifest.xml:34:9-35:20
	android:name
		ADDED from Andriod\pedal_pac\AndroidManifest.xml:34:19-55
activity#com.redbear.chat.Device
ADDED from Andriod\pedal_pac\AndroidManifest.xml:36:9-39:20
	android:theme
		ADDED from Andriod\pedal_pac\AndroidManifest.xml:38:13-56
	android:name
		ADDED from Andriod\pedal_pac\AndroidManifest.xml:37:13-35
service#com.redbear.chat.RBLService
ADDED from Andriod\pedal_pac\AndroidManifest.xml:41:9-43:38
	android:enabled
		ADDED from Andriod\pedal_pac\AndroidManifest.xml:43:13-35
	android:name
		ADDED from Andriod\pedal_pac\AndroidManifest.xml:42:13-55